-------------------------------------------------------------------------------
Test set: com.example.demo.BlogApplicationTests
-------------------------------------------------------------------------------
Tests run: 1, Failures: 0, Errors: 1, Skipped: 0, Time elapsed: 4.006 s <<< FAILURE! - in com.example.demo.BlogApplicationTests
contextLoads  Time elapsed: 1.389 s  <<< ERROR!
org.mybatis.spring.MyBatisSystemException: 
nested exception is org.apache.ibatis.exceptions.PersistenceException: 
### Error updating database.  Cause: org.springframework.jdbc.CannotGetJdbcConnectionException: Failed to obtain JDBC Connection; nested exception is java.sql.SQLNonTransientConnectionException: Public Key Retrieval is not allowed
### The error may exist in file [D:\JavaEE-Project\code\Blog\target\classes\mybatis\mapper\UserMapper.xml]
### The error may involve com.example.demo.mapper.UserMapper.addUser
### The error occurred while executing an update
### Cause: org.springframework.jdbc.CannotGetJdbcConnectionException: Failed to obtain JDBC Connection; nested exception is java.sql.SQLNonTransientConnectionException: Public Key Retrieval is not allowed
	at com.example.demo.BlogApplicationTests.contextLoads(BlogApplicationTests.java:37)
Caused by: org.apache.ibatis.exceptions.PersistenceException: 

### Error updating database.  Cause: org.springframework.jdbc.CannotGetJdbcConnectionException: Failed to obtain JDBC Connection; nested exception is java.sql.SQLNonTransientConnectionException: Public Key Retrieval is not allowed
### The error may exist in file [D:\JavaEE-Project\code\Blog\target\classes\mybatis\mapper\UserMapper.xml]
### The error may involve com.example.demo.mapper.UserMapper.addUser
### The error occurred while executing an update
### Cause: org.springframework.jdbc.CannotGetJdbcConnectionException: Failed to obtain JDBC Connection; nested exception is java.sql.SQLNonTransientConnectionException: Public Key Retrieval is not allowed
	at com.example.demo.BlogApplicationTests.contextLoads(BlogApplicationTests.java:37)
Caused by: org.springframework.jdbc.CannotGetJdbcConnectionException: Failed to obtain JDBC Connection; nested exception is java.sql.SQLNonTransientConnectionException: Public Key Retrieval is not allowed
	at com.example.demo.BlogApplicationTests.contextLoads(BlogApplicationTests.java:37)
Caused by: java.sql.SQLNonTransientConnectionException: Public Key Retrieval is not allowed
	at com.example.demo.BlogApplicationTests.contextLoads(BlogApplicationTests.java:37)

